<?xml version="1.0" encoding="UTF-8"?>
<!-- Generated by org.testng.reporters.JUnitXMLReporter -->
<testsuite ignored="0" hostname="DESKTOP-9RD2K0O" failures="0" tests="5" name="TestHooklist" time="0.255" errors="0" timestamp="2024-05-22T14:31:26 IST">
  <testcase classname="listener.hooklist" name="f" time="0.032"/>
  <testcase classname="listener.hooklist" name="f" time="0.011"/>
  <testcase classname="listener.hooklist" name="f" time="0.005"/>
  <testcase classname="listener.hooklist" name="f" time="0.003"/>
  <testcase classname="listener.hooklist" name="f" time="0.011"/>
</testsuite> <!-- TestHooklist -->
