<?xml version="1.0" encoding="UTF-8"?>
<!-- Generated by org.testng.reporters.JUnitXMLReporter -->
<testsuite ignored="0" hostname="DESKTOP-9RD2K0O" failures="1" tests="4" name="Test" time="6.254" errors="0" timestamp="2024-05-27T12:41:41 IST">
  <testcase classname="TestListener.Base" name="Intialise" time="5.871"/>
  <testcase classname="TestListener.TestCode" name="FailedTC" time="0.157">
    <failure type="java.lang.AssertionError" message="expected [true] but found [false]">
      <![CDATA[java.lang.AssertionError: expected [true] but found [false]
at TestListener.TestCode.FailedTC(TestCode.java:34)
at java.base/java.util.ArrayList.forEach(ArrayList.java:1511)
... Removed 29 stack frames]]>
    </failure>
  </testcase> <!-- FailedTC -->
  <testcase classname="TestListener.TestCode" name="passTC" time="0.001"/>
  <testcase classname="TestListener.TestCode" name="SkippeTC" time="0.0">
    <skipped/>
  </testcase> <!-- SkippeTC -->
</testsuite> <!-- Test -->
