<?xml version="1.0" encoding="UTF-8"?>
<!-- Generated by org.testng.reporters.JUnitXMLReporter -->
<testsuite ignored="1" hostname="DESKTOP-9RD2K0O" failures="1" tests="2" name="Test(failed)" time="5.0" errors="0" timestamp="2024-05-25T00:16:52 IST">
  <testcase classname="listenerDemo.TestLisCode" name="FailedTC" time="4.959">
    <failure type="java.lang.AssertionError" message="expected [true] but found [false]">
      <![CDATA[java.lang.AssertionError: expected [true] but found [false]
at listenerDemo.TestLisCode.FailedTC(TestLisCode.java:27)
at java.base/java.util.ArrayList.forEach(ArrayList.java:1511)
... Removed 29 stack frames]]>
    </failure>
  </testcase> <!-- FailedTC -->
  <testcase classname="listenerDemo.TestLisCode" name="SkippeTC" time="0.0">
    <skipped/>
  </testcase> <!-- SkippeTC -->
  <testcase classname="listenerDemo.TestLisCode" name="passTC" time="0.0">
    <ignored/>
  </testcase> <!-- passTC -->
</testsuite> <!-- Test(failed) -->
